Microsoft HTML Help Compiler 4.74.8702

Compiling d:\searchchm.CHM

部署-步骤.html
部署-参数.html
部署-环境.html
接入配置-创建接入应用.html
接入配置-配置业务.html
接入配置-配置业务字段信息.html
数据格式- 服务数据格式.html
数据格式-FTP数据格式.html
数据格式-推送格式.html
说明.html
调用API说明-构造条件.html
调用API说明-基本查询.html
调用API说明-热词查询.html
调用API说明-智能提示.html
TOC-Created-By-Easy-CHM.HHC
C:\Users\lenovo\AppData\Local\Temp\Easy-CHM-HtmlHelp-Maker.HTML
c:\Users\lenovo\AppData\Local\Temp\Easy-CHM-HtmlHelp-Maker.GIF


The following files were not compiled:
